<?xml version="1.0" encoding="UTF-8"?>
<!-- Generated by org.testng.reporters.JUnitReportReporter -->
<testsuite hostname="LAPTOP-A45GL5JI" failures="0" tests="5" name="test.LoginPageTest" time="44.923" errors="0" timestamp="2024-04-18T10:57:33 IST" skipped="0">
  <testcase classname="test.LoginPageTest" name="verifyLoginPageTittle" time="5.478"/>
  <testcase classname="test.LoginPageTest" name="verifyUserLogin" time="7.012"/>
  <testcase classname="test.LoginPageTest" name="verifyUserLoginWithInvalidCredentials" time="11.587"/>
  <testcase classname="test.LoginPageTest" name="verifyUserLoginWithInvalidCredentials" time="9.567"/>
  <testcase classname="test.LoginPageTest" name="verifyUserLoginWithInvalidCredentials" time="11.279"/>
</testsuite> <!-- test.LoginPageTest -->
