<?xml version="1.0" encoding="UTF-8"?>
<!-- Generated by org.testng.reporters.JUnitReportReporter -->
<testsuite hostname="LAPTOP-A45GL5JI" failures="0" tests="2" name="test.RegistrationPageTest" time="13.873" errors="0" timestamp="2024-04-18T10:57:33 IST" skipped="0">
  <testcase classname="test.RegistrationPageTest" name="verifyUserRegister" time="8.406"/>
  <testcase classname="test.RegistrationPageTest" name="verifyRegisterPagetittle" time="5.467"/>
</testsuite> <!-- test.RegistrationPageTest -->
