<?xml version="1.0" encoding="UTF-8"?>
<!-- Generated by org.testng.reporters.JUnitReportReporter -->
<testsuite hostname="LAPTOP-A45GL5JI" failures="0" tests="2" name="org.selenium.commands.ObsquaraOnTest" time="12.795" errors="0" timestamp="2024-03-21T11:21:45 IST" skipped="0">
  <testcase classname="org.selenium.commands.ObsquaraOnTest" name="verfyTwoInputFields" time="5.969"/>
  <testcase classname="org.selenium.commands.ObsquaraOnTest" name="verifySingleInputField" time="6.826"/>
</testsuite> <!-- org.selenium.commands.ObsquaraOnTest -->
